<?xml version="1.0" encoding="UTF-8"?>
<!-- Generated by org.testng.reporters.JUnitReportReporter -->
<testsuite hostname="USHYDSKUMARIGV1" failures="0" tests="1" name="com.testing.keyword.ExecuteTest" time="13.226" errors="0" timestamp="2020-11-26T08:34:28 IST" skipped="0">
  <testcase classname="com.testing.keyword.ExecuteTest" name="testLogin" time="13.226"/>
  <system-out/>
</testsuite> <!-- com.testing.keyword.ExecuteTest -->
